<?xml version="1.0" encoding="UTF-8"?>
<robot generator="Robot 3.2.2 (Python 3.7.7 on win32)" generated="20211120 08:36:21.718" rpa="false">
<suite id="s1" name="Mobile Web Test" source="C:\Users\dennypc\eclipse-workspace\Mobile Web Test">
<suite id="s1-s1" name="Mobileweb" source="C:\Users\dennypc\eclipse-workspace\Mobile Web Test\mobileweb.robot">
<kw name="Open Page" type="setup">
<kw name="Create Dictionary" library="BuiltIn">
<doc>Creates and returns a dictionary based on the given ``items``.</doc>
<assign>
<var>${desired_capabilities}</var>
</assign>
<msg timestamp="20211120 08:36:22.639" level="INFO">${desired_capabilities} = {}</msg>
<status status="PASS" starttime="20211120 08:36:22.637" endtime="20211120 08:36:22.639"></status>
</kw>
<kw name="Set To Dictionary" library="Collections">
<doc>Adds the given ``key_value_pairs`` and ``items`` to the ``dictionary``.</doc>
<arguments>
<arg>${desired_capabilities}</arg>
<arg>deviceName</arg>
<arg>MGMRK19109013419</arg>
</arguments>
<status status="PASS" starttime="20211120 08:36:22.640" endtime="20211120 08:36:22.641"></status>
</kw>
<kw name="Set To Dictionary" library="Collections">
<doc>Adds the given ``key_value_pairs`` and ``items`` to the ``dictionary``.</doc>
<arguments>
<arg>${desired_capabilities}</arg>
<arg>build</arg>
<arg>test_run</arg>
</arguments>
<status status="PASS" starttime="20211120 08:36:22.642" endtime="20211120 08:36:22.644"></status>
</kw>
<kw name="Set To Dictionary" library="Collections">
<doc>Adds the given ``key_value_pairs`` and ``items`` to the ``dictionary``.</doc>
<arguments>
<arg>${desired_capabilities}</arg>
<arg>platformName</arg>
<arg>Android</arg>
</arguments>
<status status="PASS" starttime="20211120 08:36:22.644" endtime="20211120 08:36:22.645"></status>
</kw>
<kw name="Set To Dictionary" library="Collections">
<doc>Adds the given ``key_value_pairs`` and ``items`` to the ``dictionary``.</doc>
<arguments>
<arg>${desired_capabilities}</arg>
<arg>name</arg>
<arg>test_name</arg>
</arguments>
<status status="PASS" starttime="20211120 08:36:22.646" endtime="20211120 08:36:22.647"></status>
</kw>
<kw name="Set To Dictionary" library="Collections">
<doc>Adds the given ``key_value_pairs`` and ``items`` to the ``dictionary``.</doc>
<arguments>
<arg>${desired_capabilities}</arg>
<arg>platformVersion</arg>
<arg>10.0.0</arg>
</arguments>
<status status="PASS" starttime="20211120 08:36:22.648" endtime="20211120 08:36:22.649"></status>
</kw>
<kw name="Set To Dictionary" library="Collections">
<doc>Adds the given ``key_value_pairs`` and ``items`` to the ``dictionary``.</doc>
<arguments>
<arg>${desired_capabilities}</arg>
<arg>deviceOrientation</arg>
<arg>portrait</arg>
</arguments>
<status status="PASS" starttime="20211120 08:36:22.650" endtime="20211120 08:36:22.651"></status>
</kw>
<kw name="Set To Dictionary" library="Collections">
<doc>Adds the given ``key_value_pairs`` and ``items`` to the ``dictionary``.</doc>
<arguments>
<arg>${desired_capabilities}</arg>
<arg>browserName</arg>
<arg>chrome</arg>
</arguments>
<status status="PASS" starttime="20211120 08:36:22.652" endtime="20211120 08:36:22.654"></status>
</kw>
<kw name="Set To Dictionary" library="Collections">
<doc>Adds the given ``key_value_pairs`` and ``items`` to the ``dictionary``.</doc>
<arguments>
<arg>${desired_capabilities}</arg>
<arg>appiumVersion</arg>
<arg>1.21.0</arg>
</arguments>
<status status="PASS" starttime="20211120 08:36:22.654" endtime="20211120 08:36:22.656"></status>
</kw>
<kw name="Evaluate" library="BuiltIn">
<doc>Evaluates the given expression in Python and returns the result.</doc>
<arguments>
<arg>str('http://localhost:4723/wd/hub')</arg>
</arguments>
<assign>
<var>${executor}</var>
</assign>
<msg timestamp="20211120 08:36:22.657" level="INFO">${executor} = http://localhost:4723/wd/hub</msg>
<status status="PASS" starttime="20211120 08:36:22.656" endtime="20211120 08:36:22.658"></status>
</kw>
<kw name="Create Webdriver" library="SeleniumLibrary">
<doc>Creates an instance of Selenium WebDriver.</doc>
<arguments>
<arg>Remote</arg>
<arg>desired_capabilities=${desired_capabilities}</arg>
<arg>command_executor=${executor}</arg>
</arguments>
<msg timestamp="20211120 08:36:22.660" level="INFO">Creating an instance of the Remote WebDriver.</msg>
<status status="PASS" starttime="20211120 08:36:22.658" endtime="20211120 08:36:39.501"></status>
</kw>
<kw name="Go To" library="SeleniumLibrary">
<doc>Navigates the current browser window to the provided ``url``.</doc>
<arguments>
<arg>https://sebangsa.com/</arg>
</arguments>
<msg timestamp="20211120 08:36:39.503" level="INFO">Opening url 'https://sebangsa.com/'</msg>
<status status="PASS" starttime="20211120 08:36:39.501" endtime="20211120 08:36:41.307"></status>
</kw>
<status status="PASS" starttime="20211120 08:36:22.636" endtime="20211120 08:36:41.308"></status>
</kw>
<test id="s1-s1-t1" name="searching">
<kw name="Wait Until Element Is Visible" library="SeleniumLibrary">
<doc>Waits until the element ``locator`` is visible.</doc>
<arguments>
<arg>xpath=//*[@id="dropbtn-login"]</arg>
<arg>15</arg>
</arguments>
<status status="PASS" starttime="20211120 08:36:41.310" endtime="20211120 08:36:41.526"></status>
</kw>
<kw name="Click Element" library="SeleniumLibrary">
<doc>Click the element identified by ``locator``.</doc>
<arguments>
<arg>//*[@id="dropbtn-login"]</arg>
</arguments>
<msg timestamp="20211120 08:36:41.529" level="INFO">Clicking element '//*[@id="dropbtn-login"]'.</msg>
<status status="PASS" starttime="20211120 08:36:41.527" endtime="20211120 08:36:41.811"></status>
</kw>
<kw name="Wait Until Element Is Visible" library="SeleniumLibrary">
<doc>Waits until the element ``locator`` is visible.</doc>
<arguments>
<arg>xpath=//*[@id="loginForm"]/p[2]/button</arg>
<arg>15</arg>
</arguments>
<status status="PASS" starttime="20211120 08:36:41.811" endtime="20211120 08:36:42.025"></status>
</kw>
<kw name="Input Text" library="SeleniumLibrary">
<doc>Types the given ``text`` into the text field identified by ``locator``.</doc>
<arguments>
<arg>xpath=//*[@id="username"]</arg>
<arg>dennywidyatmokoasli</arg>
</arguments>
<msg timestamp="20211120 08:36:42.027" level="INFO">Typing text 'dennywidyatmokoasli' into text field 'xpath=//*[@id="username"]'.</msg>
<status status="PASS" starttime="20211120 08:36:42.026" endtime="20211120 08:36:42.633"></status>
</kw>
<kw name="Input Text" library="SeleniumLibrary">
<doc>Types the given ``text`` into the text field identified by ``locator``.</doc>
<arguments>
<arg>xpath=//*[@id="password"]</arg>
<arg>123456</arg>
</arguments>
<msg timestamp="20211120 08:36:42.635" level="INFO">Typing text '123456' into text field 'xpath=//*[@id="password"]'.</msg>
<status status="PASS" starttime="20211120 08:36:42.634" endtime="20211120 08:36:43.175"></status>
</kw>
<kw name="Click Element" library="SeleniumLibrary">
<doc>Click the element identified by ``locator``.</doc>
<arguments>
<arg>xpath=//*[@id="loginForm"]/p[2]/button</arg>
</arguments>
<msg timestamp="20211120 08:36:43.177" level="INFO">Clicking element 'xpath=//*[@id="loginForm"]/p[2]/button'.</msg>
<status status="PASS" starttime="20211120 08:36:43.176" endtime="20211120 08:36:43.565"></status>
</kw>
<status status="PASS" starttime="20211120 08:36:41.308" endtime="20211120 08:36:43.566" critical="yes"></status>
</test>
<status status="PASS" starttime="20211120 08:36:21.876" endtime="20211120 08:36:43.569"></status>
</suite>
<status status="PASS" starttime="20211120 08:36:21.800" endtime="20211120 08:36:43.580"></status>
</suite>
<statistics>
<total>
<stat pass="1" fail="0">Critical Tests</stat>
<stat pass="1" fail="0">All Tests</stat>
</total>
<tag>
</tag>
<suite>
<stat pass="1" fail="0" id="s1" name="Mobile Web Test">Mobile Web Test</stat>
<stat pass="1" fail="0" id="s1-s1" name="Mobileweb">Mobile Web Test.Mobileweb</stat>
</suite>
</statistics>
<errors>
</errors>
</robot>
