<?xml version="1.0" encoding="UTF-8"?>
<robot generator="Robot 3.2.2 (Python 3.7.7 on win32)" generated="20211120 07:47:08.820" rpa="false">
<suite id="s1" name="Mobile Web Test" source="C:\Users\dennypc\eclipse-workspace\Mobile Web Test">
<suite id="s1-s1" name="Mobileweb" source="C:\Users\dennypc\eclipse-workspace\Mobile Web Test\mobileweb.robot">
<kw name="Open Page" type="setup">
<kw name="Create Dictionary" library="BuiltIn">
<doc>Creates and returns a dictionary based on the given ``items``.</doc>
<assign>
<var>${desired_capabilities}</var>
</assign>
<msg timestamp="20211120 07:47:09.240" level="INFO">${desired_capabilities} = {}</msg>
<status status="PASS" starttime="20211120 07:47:09.239" endtime="20211120 07:47:09.240"></status>
</kw>
<kw name="Set To Dictionary" library="Collections">
<doc>Adds the given ``key_value_pairs`` and ``items`` to the ``dictionary``.</doc>
<arguments>
<arg>${desired_capabilities}</arg>
<arg>deviceName</arg>
<arg>MGMRK19109013419</arg>
</arguments>
<status status="PASS" starttime="20211120 07:47:09.240" endtime="20211120 07:47:09.241"></status>
</kw>
<kw name="Set To Dictionary" library="Collections">
<doc>Adds the given ``key_value_pairs`` and ``items`` to the ``dictionary``.</doc>
<arguments>
<arg>${desired_capabilities}</arg>
<arg>build</arg>
<arg>test_run</arg>
</arguments>
<status status="PASS" starttime="20211120 07:47:09.241" endtime="20211120 07:47:09.241"></status>
</kw>
<kw name="Set To Dictionary" library="Collections">
<doc>Adds the given ``key_value_pairs`` and ``items`` to the ``dictionary``.</doc>
<arguments>
<arg>${desired_capabilities}</arg>
<arg>platformName</arg>
<arg>Android</arg>
</arguments>
<status status="PASS" starttime="20211120 07:47:09.242" endtime="20211120 07:47:09.242"></status>
</kw>
<kw name="Set To Dictionary" library="Collections">
<doc>Adds the given ``key_value_pairs`` and ``items`` to the ``dictionary``.</doc>
<arguments>
<arg>${desired_capabilities}</arg>
<arg>name</arg>
<arg>test_name</arg>
</arguments>
<status status="PASS" starttime="20211120 07:47:09.242" endtime="20211120 07:47:09.243"></status>
</kw>
<kw name="Set To Dictionary" library="Collections">
<doc>Adds the given ``key_value_pairs`` and ``items`` to the ``dictionary``.</doc>
<arguments>
<arg>${desired_capabilities}</arg>
<arg>platformVersion</arg>
<arg>10.0.0</arg>
</arguments>
<status status="PASS" starttime="20211120 07:47:09.243" endtime="20211120 07:47:09.244"></status>
</kw>
<kw name="Set To Dictionary" library="Collections">
<doc>Adds the given ``key_value_pairs`` and ``items`` to the ``dictionary``.</doc>
<arguments>
<arg>${desired_capabilities}</arg>
<arg>deviceOrientation</arg>
<arg>portrait</arg>
</arguments>
<status status="PASS" starttime="20211120 07:47:09.244" endtime="20211120 07:47:09.244"></status>
</kw>
<kw name="Set To Dictionary" library="Collections">
<doc>Adds the given ``key_value_pairs`` and ``items`` to the ``dictionary``.</doc>
<arguments>
<arg>${desired_capabilities}</arg>
<arg>browserName</arg>
<arg>chrome</arg>
</arguments>
<status status="PASS" starttime="20211120 07:47:09.245" endtime="20211120 07:47:09.245"></status>
</kw>
<kw name="Set To Dictionary" library="Collections">
<doc>Adds the given ``key_value_pairs`` and ``items`` to the ``dictionary``.</doc>
<arguments>
<arg>${desired_capabilities}</arg>
<arg>appiumVersion</arg>
<arg>1.21.0</arg>
</arguments>
<status status="PASS" starttime="20211120 07:47:09.246" endtime="20211120 07:47:09.246"></status>
</kw>
<kw name="Evaluate" library="BuiltIn">
<doc>Evaluates the given expression in Python and returns the result.</doc>
<arguments>
<arg>str('http://localhost:4723/wd/hub')</arg>
</arguments>
<assign>
<var>${executor}</var>
</assign>
<msg timestamp="20211120 07:47:09.247" level="INFO">${executor} = http://localhost:4723/wd/hub</msg>
<status status="PASS" starttime="20211120 07:47:09.247" endtime="20211120 07:47:09.247"></status>
</kw>
<kw name="Create Webdriver" library="SeleniumLibrary">
<doc>Creates an instance of Selenium WebDriver.</doc>
<arguments>
<arg>Remote</arg>
<arg>desired_capabilities=${desired_capabilities}</arg>
<arg>command_executor=${executor}</arg>
</arguments>
<msg timestamp="20211120 07:47:09.249" level="INFO">Creating an instance of the Remote WebDriver.</msg>
<status status="PASS" starttime="20211120 07:47:09.248" endtime="20211120 07:47:23.601"></status>
</kw>
<kw name="Go To" library="SeleniumLibrary">
<doc>Navigates the current browser window to the provided ``url``.</doc>
<arguments>
<arg>https://www.google.com</arg>
</arguments>
<msg timestamp="20211120 07:47:23.603" level="INFO">Opening url 'https://www.google.com'</msg>
<status status="PASS" starttime="20211120 07:47:23.602" endtime="20211120 07:47:25.529"></status>
</kw>
<status status="PASS" starttime="20211120 07:47:09.238" endtime="20211120 07:47:25.531"></status>
</kw>
<test id="s1-s1-t1" name="coba">
<kw name="Log To Console" library="BuiltIn">
<doc>Logs the given message to the console.</doc>
<arguments>
<arg>berhasil</arg>
</arguments>
<status status="PASS" starttime="20211120 07:47:25.536" endtime="20211120 07:47:25.538"></status>
</kw>
<status status="PASS" starttime="20211120 07:47:25.533" endtime="20211120 07:47:25.539" critical="yes"></status>
</test>
<status status="PASS" starttime="20211120 07:47:08.898" endtime="20211120 07:47:25.542"></status>
</suite>
<status status="PASS" starttime="20211120 07:47:08.864" endtime="20211120 07:47:25.550"></status>
</suite>
<statistics>
<total>
<stat pass="1" fail="0">Critical Tests</stat>
<stat pass="1" fail="0">All Tests</stat>
</total>
<tag>
</tag>
<suite>
<stat pass="1" fail="0" id="s1" name="Mobile Web Test">Mobile Web Test</stat>
<stat pass="1" fail="0" id="s1-s1" name="Mobileweb">Mobile Web Test.Mobileweb</stat>
</suite>
</statistics>
<errors>
</errors>
</robot>
